#
# There is insufficient memory for the Java Runtime Environment to continue.
# Native memory allocation (mmap) failed to map 65536 bytes. Error detail: Failed to commit metaspace.
# Possible reasons:
#   The system is out of physical RAM or swap space
#   This process is running with CompressedOops enabled, and the Java Heap may be blocking the growth of the native heap
# Possible solutions:
#   Reduce memory load on the system
#   Increase physical memory or swap space
#   Check if swap backing store is full
#   Decrease Java heap size (-Xmx/-Xms)
#   Decrease number of Java threads
#   Decrease Java thread stack sizes (-Xss)
#   Set larger code cache with -XX:ReservedCodeCacheSize=
#   JVM is running with Zero Based Compressed Oops mode in which the Java heap is
#     placed in the first 32GB address space. The Java Heap base address is the
#     maximum limit for the native heap growth. Please use -XX:HeapBaseMinAddress
#     to set the Java Heap base and to place the Java Heap above 32GB virtual address.
# This output file may be truncated or incomplete.
#
#  Out of Memory Error (virtualSpaceNode.cpp:110), pid=27100, tid=6284
#
# JRE version: OpenJDK Runtime Environment Temurin-17.0.13+11 (17.0.13+11) (build 17.0.13+11)
# Java VM: OpenJDK 64-Bit Server VM Temurin-17.0.13+11 (17.0.13+11, mixed mode, tiered, compressed oops, compressed class ptrs, g1 gc, windows-amd64)
# No core dump will be written. Minidumps are not enabled by default on client versions of Windows
#

---------------  S U M M A R Y ------------

Command Line: -Djava.awt.headless=true -Dscanner.home=E:\SonarQube\sonar-scanner-7.1.0.4889-windows-x64\bin\.. -Dproject.home=E:\Iskolai\Információbiztonsági tanf\Vizsgaremek (appointment booking app)\EasyBook org.sonarsource.scanner.cli.Main -Dsonar.projectKey=EasyBook -Dsonar.sources=. -Dsonar.host.url=http://localhost:9000 -Dsonar.token=sqp_5f00c47a4398e30bc9aaaa0a4c49c833d024387a

Host: Intel(R) Core(TM) i7-3770 CPU @ 3.40GHz, 8 cores, 23G,  Windows 10 , 64 bit Build 19041 (10.0.19041.5794)
Time: Mon May 19 00:17:06 2025 Közép-európai nyári iduild 19041 (10.0.19041.5794) elapsed time: 0.132135 seconds (0d 0h 0m 0s)

---------------  T H R E A D  ---------------

Current thread (0x0000018b350c9770):  JavaThread "main" [_thread_in_vm, id=6284, stack(0x0000006c38a00000,0x0000006c38b00000)]

Stack: [0x0000006c38a00000,0x0000006c38b00000]
Native frames: (J=compiled Java code, j=interpreted, Vv=VM code, C=native code)
V  [jvm.dll+0x682a19]
V  [jvm.dll+0x839538]
V  [jvm.dll+0x83afe3]
V  [jvm.dll+0x83b653]
V  [jvm.dll+0x24704f]
V  [jvm.dll+0x83530d]
V  [jvm.dll+0x62762e]
V  [jvm.dll+0x62769a]
V  [jvm.dll+0x629ec3]
V  [jvm.dll+0x627ff6]
V  [jvm.dll+0x23c216]
V  [jvm.dll+0x1e9687]
V  [jvm.dll+0x1df251]
V  [jvm.dll+0x54611b]
V  [jvm.dll+0x1efdda]
V  [jvm.dll+0x7b243b]
V  [jvm.dll+0x7b3859]
V  [jvm.dll+0x7b3bb8]
V  [jvm.dll+0x23eb4b]
V  [jvm.dll+0x23edaf]
V  [jvm.dll+0x564628]
V  [jvm.dll+0x567547]
V  [jvm.dll+0x385424]
V  [jvm.dll+0x384a7f]
C  0x0000018b415fa5a3

The last pc belongs to invokestatic (printed below).
Java frames: (J=compiled Java code, j=interpreted, Vv=VM code)
j  sun.nio.fs.WindowsFileAttributes.toFileTime(J)Ljava/nio/file/attribute/FileTime;+22 java.base@17.0.13
j  sun.nio.fs.WindowsFileAttributes.lastModifiedTime()Ljava/nio/file/attribute/FileTime;+4 java.base@17.0.13
j  java.util.zip.ZipFile$Source$Key.hashCode()I+20 java.base@17.0.13
J 51 c1 java.util.HashMap.put(Ljava/lang/Object;Ljava/lang/Object;)Ljava/lang/Object; java.base@17.0.13 (13 bytes) @ 0x0000018b3a0be4ec [0x0000018b3a0be340+0x00000000000001ac]
j  java.util.zip.ZipFile$Source.get(Ljava/io/File;ZLjava/util/zip/ZipCoder;)Ljava/util/zip/ZipFile$Source;+172 java.base@17.0.13
j  java.util.zip.ZipFile$CleanableResource.<init>(Ljava/util/zip/ZipFile;Ljava/util/zip/ZipCoder;Ljava/io/File;I)V+56 java.base@17.0.13
j  java.util.zip.ZipFile.<init>(Ljava/io/File;ILjava/nio/charset/Charset;)V+123 java.base@17.0.13
j  java.util.zip.ZipFile.<init>(Ljava/io/File;I)V+6 java.base@17.0.13
j  java.util.jar.JarFile.<init>(Ljava/io/File;ZILjava/lang/Runtime$Version;)V+3 java.base@17.0.13
j  jdk.internal.loader.URLClassPath$JarLoader.getJarFile(Ljava/net/URL;)Ljava/util/jar/JarFile;+56 java.base@17.0.13
j  jdk.internal.loader.URLClassPath$JarLoader$1.run()Ljava/lang/Void;+55 java.base@17.0.13
j  jdk.internal.loader.URLClassPath$JarLoader$1.run()Ljava/lang/Object;+1 java.base@17.0.13
j  java.security.AccessController.executePrivileged(Ljava/security/PrivilegedExceptionAction;Ljava/security/AccessControlContext;Ljava/lang/Class;)Ljava/lang/Object;+29 java.base@17.0.13
j  java.security.AccessController.doPrivileged(Ljava/security/PrivilegedExceptionAction;Ljava/security/AccessControlContext;)Ljava/lang/Object;+13 java.base@17.0.13
j  jdk.internal.loader.URLClassPath$JarLoader.ensureOpen()V+19 java.base@17.0.13
j  jdk.internal.loader.URLClassPath$JarLoader.<init>(Ljava/net/URL;Ljava/net/URLStreamHandler;Ljava/util/HashMap;Ljava/security/AccessControlContext;)V+63 java.base@17.0.13
j  jdk.internal.loader.URLClassPath$3.run()Ljdk/internal/loader/URLClassPath$Loader;+168 java.base@17.0.13
j  jdk.internal.loader.URLClassPath$3.run()Ljava/lang/Object;+1 java.base@17.0.13
j  java.security.AccessController.executePrivileged(Ljava/security/PrivilegedExceptionAction;Ljava/security/AccessControlContext;Ljava/lang/Class;)Ljava/lang/Object;+29 java.base@17.0.13
j  java.security.AccessController.doPrivileged(Ljava/security/PrivilegedExceptionAction;Ljava/security/AccessControlContext;)Ljava/lang/Object;+13 java.base@17.0.13
j  jdk.internal.loader.URLClassPath.getLoader(Ljava/net/URL;)Ljdk/internal/loader/URLClassPath$Loader;+13 java.base@17.0.13
j  jdk.internal.loader.URLClassPath.getLoader(I)Ljdk/internal/loader/URLClassPath$Loader;+81 java.base@17.0.13
j  jdk.internal.loader.URLClassPath.getResource(Ljava/lang/String;Z)Ljdk/internal/loader/Resource;+42 java.base@17.0.13
j  jdk.internal.loader.BuiltinClassLoader.findClassOnClassPathOrNull(Ljava/lang/String;)Ljava/lang/Class;+26 java.base@17.0.13
j  jdk.internal.loader.BuiltinClassLoader.loadClassOrNull(Ljava/lang/String;Z)Ljava/lang/Class;+111 java.base@17.0.13
j  jdk.internal.loader.BuiltinClassLoader.loadClass(Ljava/lang/String;Z)Ljava/lang/Class;+3 java.base@17.0.13
j  jdk.internal.loader.ClassLoaders$AppClassLoader.loadClass(Ljava/lang/String;Z)Ljava/lang/Class;+36 java.base@17.0.13
j  java.lang.ClassLoader.loadClass(Ljava/lang/String;)Ljava/lang/Class;+3 java.base@17.0.13
v  ~StubRoutines::call_stub
j  java.lang.Class.forName0(Ljava/lang/String;ZLjava/lang/ClassLoader;Ljava/lang/Class;)Ljava/lang/Class;+0 java.base@17.0.13
j  java.lang.Class.forName(Ljava/lang/String;ZLjava/lang/ClassLoader;)Ljava/lang/Class;+43 java.base@17.0.13
j  sun.launcher.LauncherHelper.loadMainClass(ILjava/lang/String;)Ljava/lang/Class;+95 java.base@17.0.13
j  sun.launcher.LauncherHelper.checkAndLoadMain(ZILjava/lang/String;)Ljava/lang/Class;+42 java.base@17.0.13
v  ~StubRoutines::call_stub
invokestatic  184 invokestatic  [0x0000018b415fa500, 0x0000018b415fa7e0]  736 bytes
[MachCode]
  0x0000018b415fa500: 4883 ec08 | c5fa 1104 | 24eb 1f48 | 83ec 10c5 | fb11 0424 | eb14 4883 | ec10 4889 | 0424 48c7 
  0x0000018b415fa520: 4424 0800 | 0000 00eb | 0150 4c89 | 6dc0 410f | b755 0148 | 8b4d d0c1 | e202 8b5c | d120 c1eb 
  0x0000018b415fa540: 1081 e3ff | 0000 0081 | fbb8 0000 | 000f 84b6 | 0000 00bb | b800 0000 | e805 0000 | 00e9 9b00 
  0x0000018b415fa560: 0000 488b | d348 8d44 | 2408 4c89 | 6dc0 498b | cfc5 f877 | 4989 afa8 | 0200 0049 | 8987 9802 
  0x0000018b415fa580: 0000 4883 | ec20 f7c4 | 0f00 0000 | 0f84 1a00 | 0000 4883 | ec08 49ba | 104a 925b | f97f 0000 
  0x0000018b415fa5a0: 41ff d248 | 83c4 08e9 | 0d00 0000 | 49ba 104a | 925b f97f | 0000 41ff | d248 83c4 | 2049 c787 
  0x0000018b415fa5c0: 9802 0000 | 0000 0000 | 49c7 87a8 | 0200 0000 | 0000 0049 | c787 a002 | 0000 0000 | 0000 c5f8 
  0x0000018b415fa5e0: 7749 817f | 0800 0000 | 000f 8405 | 0000 00e9 | 0c69 feff | 4c8b 6dc0 | 4c8b 75c8 | c341 0fb7 
  0x0000018b415fa600: 5501 488b | 4dd0 c1e2 | 0248 8b5c | d128 488b | 5b08 488b | 5b08 488b | 5b18 80bb | 3301 0000 
  0x0000018b415fa620: 040f 840d | 0000 004c | 3bbb 3801 | 0000 0f85 | 1fff ffff | 488b 5cd1 | 288b 54d1 | 38c1 ea1c 
  0x0000018b415fa640: 49ba 10f6 | 145c f97f | 0000 498b | 14d2 5248 | 8b45 d848 | 85c0 0f84 | 1200 0000 | 4883 4008 
  0x0000018b415fa660: 0148 8358 | 0800 4883 | c010 4889 | 45d8 488b | 45d8 4885 | c00f 8457 | 0100 0080 | 78f0 0a0f 
  0x0000018b415fa680: 854d 0100 | 0048 83c0 | 084c 8b68 | f841 83ed | 0041 83fd | 020f 8c2c | 0100 004c | 8b6b 0845 
  0x0000018b415fa6a0: 0fb7 6d2c | 4c2b 2841 | 83ed 014e | 8b6c ec08 | 4d85 ed75 | 1248 f740 | 0801 0000 | 0075 61f0 
  0x0000018b415fa6c0: 4883 4808 | 01eb 5945 | 8b6d 0849 | ba00 0000 | 0008 0000 | 004d 03ea | 4d8b d54c | 3368 0849 
  0x0000018b415fa6e0: f7c5 fcff | ffff 7438 | 49f7 c502 | 0000 0075 | 2f48 8178 | 0800 0000 | 0074 2148 | 8178 0801 
  0x0000018b415fa700: 0000 0074 | 174d 8bea | 4c33 6808 | 49f7 c5fc | ffff ff74 | 0b48 8348 | 0802 eb04 | 4c89 6808 
  0x0000018b415fa720: 4883 c010 | 4c8b 68e8 | 4183 ed02 | 4183 fd02 | 0f8c 9100 | 0000 4c8b | 6b08 450f | b76d 2c4c 
  0x0000018b415fa740: 2b28 4183 | ed01 4e8b | 6cec 084d | 85ed 7512 | 48f7 4008 | 0100 0000 | 7561 f048 | 8348 0801 
  0x0000018b415fa760: eb59 458b | 6d08 49ba | 0000 0000 | 0800 0000 | 4d03 ea4d | 8bd5 4c33 | 6808 49f7 | c5fc ffff 
  0x0000018b415fa780: ff74 3849 | f7c5 0200 | 0000 752f | 4881 7808 | 0000 0000 | 7421 4881 | 7808 0100 | 0000 7417 
  0x0000018b415fa7a0: 4d8b ea4c | 3368 0849 | f7c5 fcff | ffff 740b | 4883 4808 | 02eb 044c | 8968 0848 | 83c0 104c 
  0x0000018b415fa7c0: 8b68 d841 | 83ed 0441 | c1e5 0349 | 03c5 4889 | 45d8 4c8d | 6c24 084c | 896d f0ff | 6350 6690 
[/MachCode]

Compiled method (c1)     235   51       3       java.util.HashMap::put (13 bytes)
 total in heap  [0x0000018b3a0be190,0x0000018b3a0be748] = 1464
 relocation     [0x0000018b3a0be2e8,0x0000018b3a0be340] = 88
 main code      [0x0000018b3a0be340,0x0000018b3a0be5e0] = 672
 stub code      [0x0000018b3a0be5e0,0x0000018b3a0be638] = 88
 metadata       [0x0000018b3a0be638,0x0000018b3a0be650] = 24
 scopes data    [0x0000018b3a0be650,0x0000018b3a0be6c0] = 112
 scopes pcs     [0x0000018b3a0be6c0,0x0000018b3a0be730] = 112
 dependencies   [0x0000018b3a0be730,0x0000018b3a0be738] = 8
 nul chk table  [0x0000018b3a0be738,0x0000018b3a0be748] = 16

[Constant Pool (empty)]

[MachCode]
[Entry Point]
  # {method} {0x0000018b5b155b18} 'put' '(Ljava/lang/Object;Ljava/lang/Object;)Ljava/lang/Object;' in 'java/util/HashMap'
  # this:     rdx:rdx   = 'java/util/HashMap'
  # parm0:    r8:r8     = 'java/lang/Object'
  # parm1:    r9:r9     = 'java/lang/Object'
  #           [sp+0x90]  (sp of caller)
  0x0000018b3a0be340: 448b 5208 | 49bb 0000 | 0000 0800 | 0000 4d03 | d34c 3bd0 

  0x0000018b3a0be354: ;   {runtime_call ic_miss_stub}
  0x0000018b3a0be354: 0f85 262d | 5707 660f | 1f44 0000 
[Verified Entry Point]
  0x0000018b3a0be360: 8984 2400 | 90ff ff55 | 4881 ec80 

  0x0000018b3a0be36c: ;   {metadata(method data for {method} {0x0000018b5b155b18} 'put' '(Ljava/lang/Object;Ljava/lang/Object;)Ljava/lang/Object;' in 'java/util/HashMap')}
  0x0000018b3a0be36c: 0000 0048 | be10 962a | 5b8b 0100 | 008b becc | 0000 0083 | c702 89be | cc00 0000 | 81e7 fe07 
  0x0000018b3a0be38c: 0000 83ff | 000f 84b3 

  0x0000018b3a0be394: ;   {metadata(method data for {method} {0x0000018b5b155b18} 'put' '(Ljava/lang/Object;Ljava/lang/Object;)Ljava/lang/Object;' in 'java/util/HashMap')}
  0x0000018b3a0be394: 0100 0048 | be10 962a | 5b8b 0100 | 0048 8386 | 1001 0000 

  0x0000018b3a0be3a8: ;   {metadata(method data for {method} {0x0000018b5b1550c0} 'hash' '(Ljava/lang/Object;)I' in 'java/util/HashMap')}
  0x0000018b3a0be3a8: 0148 be58 | 7e2a 5b8b | 0100 008b | becc 0000 | 0083 c702 | 89be cc00 | 0000 81e7 | feff 1f00 
  0x0000018b3a0be3c8: 83ff 000f | 849a 0100 | 0049 83f8 

  0x0000018b3a0be3d4: ;   {metadata(method data for {method} {0x0000018b5b1550c0} 'hash' '(Ljava/lang/Object;)I' in 'java/util/HashMap')}
  0x0000018b3a0be3d4: 0048 be58 | 7e2a 5b8b | 0100 0048 | c7c7 1001 | 0000 0f85 | 0700 0000 | 48c7 c720 | 0100 0048 
  0x0000018b3a0be3f4: 8b1c 3e48 | 8d5b 0148 | 891c 3e0f | 8529 0000 

  0x0000018b3a0be404: ;   {metadata(method data for {method} {0x0000018b5b1550c0} 'hash' '(Ljava/lang/Object;)I' in 'java/util/HashMap')}
  0x0000018b3a0be404: 0048 be58 | 7e2a 5b8b | 0100 00ff | 8630 0100 | 00be 0000 | 0000 4c89 | 4c24 684c | 8944 2460 
  0x0000018b3a0be424: 4889 5424 | 58e9 cb00 | 0000 4c89 | 4c24 6848 | 8954 2458 

  0x0000018b3a0be438: ; implicit exception: dispatches to 0x0000018b3a0be58c
  0x0000018b3a0be438: 493b 0049 

  0x0000018b3a0be43c: ;   {metadata(method data for {method} {0x0000018b5b1550c0} 'hash' '(Ljava/lang/Object;)I' in 'java/util/HashMap')}
  0x0000018b3a0be43c: 8bf0 48bf | 587e 2a5b | 8b01 0000 | 8b76 0849 | ba00 0000 | 0008 0000 | 0049 03f2 | 483b b758 
  0x0000018b3a0be45c: 0100 0075 | 0d48 8387 | 6001 0000 | 01e9 6600 | 0000 483b | b768 0100 | 0075 0d48 | 8387 7001 
  0x0000018b3a0be47c: 0000 01e9 | 5000 0000 | 4881 bf58 | 0100 0000 | 0000 0075 | 1748 89b7 | 5801 0000 | 48c7 8760 
  0x0000018b3a0be49c: 0100 0001 | 0000 00e9 | 2c00 0000 | 4881 bf68 | 0100 0000 | 0000 0075 | 1748 89b7 | 6801 0000 
  0x0000018b3a0be4bc: 48c7 8770 | 0100 0001 | 0000 00e9 | 0800 0000 | 4883 8748 | 0100 0001 | 498b d04c | 8944 2460 
  0x0000018b3a0be4dc: 9048 b8ff | ffff ffff 

  0x0000018b3a0be4e4: ;   {virtual_call}
  0x0000018b3a0be4e4: ffff ffe8 

  0x0000018b3a0be4e8: ; ImmutableOopMap {[88]=Oop [104]=Oop [96]=Oop }
                      ;*invokevirtual hashCode {reexecute=0 rethrow=0 return_oop=0}
                      ; - java.util.HashMap::hash@9
                      ; - java.util.HashMap::put@2
  0x0000018b3a0be4e8: f4fa 5607 | 4c8b c041 | c1e8 104c | 33c0 498b | f048 8b7c | 2468 4c8b | 4c24 6048 | 8b54 2458 
  0x0000018b3a0be508: ;   {metadata(method data for {method} {0x0000018b5b155b18} 'put' '(Ljava/lang/Object;Ljava/lang/Object;)Ljava/lang/Object;' in 'java/util/HashMap')}
  0x0000018b3a0be508: 4c8b c248 | b910 962a | 5b8b 0100 | 0048 8381 | 2001 0000 | 014c 8bc6 | be00 0000 | 00b9 0100 
  0x0000018b3a0be528: 0000 0f1f 

  0x0000018b3a0be52c: ;   {optimized virtual_call}
  0x0000018b3a0be52c: 4400 00e8 

  0x0000018b3a0be530: ; ImmutableOopMap {}
                      ;*invokevirtual putVal {reexecute=0 rethrow=0 return_oop=0}
                      ; - java.util.HashMap::put@9
  0x0000018b3a0be530: 2ce7 ffff | 4881 c480 | 0000 005d 

  0x0000018b3a0be53c: ;   {poll_return}
  0x0000018b3a0be53c: 493b a750 | 0300 000f | 8748 0000 

  0x0000018b3a0be548: ;   {metadata({method} {0x0000018b5b155b18} 'put' '(Ljava/lang/Object;Ljava/lang/Object;)Ljava/lang/Object;' in 'java/util/HashMap')}
  0x0000018b3a0be548: 00c3 49ba | 105b 155b | 8b01 0000 | 4c89 5424 | 0848 c704 | 24ff ffff 

  0x0000018b3a0be560: ;   {runtime_call counter_overflow Runtime1 stub}
  0x0000018b3a0be560: ffe8 1ab8 

  0x0000018b3a0be564: ; ImmutableOopMap {rdx=Oop r8=Oop r9=Oop }
                      ;*synchronization entry
                      ; - java.util.HashMap::put@-1
  0x0000018b3a0be564: 6107 e92c 

  0x0000018b3a0be568: ;   {metadata({method} {0x0000018b5b1550c0} 'hash' '(Ljava/lang/Object;)I' in 'java/util/HashMap')}
  0x0000018b3a0be568: feff ff49 | bab8 5015 | 5b8b 0100 | 004c 8954 | 2408 48c7 | 0424 ffff 

  0x0000018b3a0be580: ;   {runtime_call counter_overflow Runtime1 stub}
  0x0000018b3a0be580: ffff e8f9 

  0x0000018b3a0be584: ; ImmutableOopMap {rdx=Oop r8=Oop r9=Oop }
                      ;*synchronization entry
                      ; - java.util.HashMap::hash@-1
                      ; - java.util.HashMap::put@2
  0x0000018b3a0be584: b761 07e9 | 45fe ffff 

  0x0000018b3a0be58c: ;   {runtime_call throw_null_pointer_exception Runtime1 stub}
  0x0000018b3a0be58c: e80f 6761 

  0x0000018b3a0be590: ; ImmutableOopMap {r8=Oop [88]=Oop [104]=Oop }
                      ;*invokevirtual hashCode {reexecute=0 rethrow=0 return_oop=0}
                      ; - java.util.HashMap::hash@9
                      ; - java.util.HashMap::put@2
                      ;   {internal_word}
  0x0000018b3a0be590: 0749 ba3c | e50b 3a8b | 0100 004d | 8997 6803 

  0x0000018b3a0be5a0: ;   {runtime_call SafepointBlob}
  0x0000018b3a0be5a0: 0000 e959 | 9457 0790 | 9049 8b87 | e003 0000 | 49c7 87e0 | 0300 0000 | 0000 0049 | c787 e803 
  0x0000018b3a0be5c0: 0000 0000 | 0000 4881 | c480 0000 

  0x0000018b3a0be5cc: ;   {runtime_call unwind_exception Runtime1 stub}
  0x0000018b3a0be5cc: 005d e92d | 8758 07f4 | f4f4 f4f4 | f4f4 f4f4 | f4f4 f4f4 
[Stub Code]
  0x0000018b3a0be5e0: ;   {no_reloc}
  0x0000018b3a0be5e0: 0f1f 4400 

  0x0000018b3a0be5e4: ;   {static_stub}
  0x0000018b3a0be5e4: 0048 bb00 | 0000 0000 

  0x0000018b3a0be5ec: ;   {runtime_call}
  0x0000018b3a0be5ec: 0000 00e9 | fbff ffff 

  0x0000018b3a0be5f4: ;   {static_stub}
  0x0000018b3a0be5f4: 9048 bb00 | 0000 0000 

  0x0000018b3a0be5fc: ;   {runtime_call}
  0x0000018b3a0be5fc: 0000 00e9 | fbff ffff 
[Exception Handler]
  0x0000018b3a0be604: ;   {runtime_call handle_exception_from_callee Runtime1 stub}
  0x0000018b3a0be604: e877 8461 

  0x0000018b3a0be608: ;   {external_word}
  0x0000018b3a0be608: 0748 b9a0 | e9ec 5bf9 | 7f00 0048 

  0x0000018b3a0be614: ;   {runtime_call}
  0x0000018b3a0be614: 83e4 f049 | ba40 71b5 | 5bf9 7f00 | 0041 ffd2 

  0x0000018b3a0be624: ;   {section_word}
  0x0000018b3a0be624: f449 ba25 | e60b 3a8b | 0100 0041 

  0x0000018b3a0be630: ;   {runtime_call DeoptimizationBlob}
  0x0000018b3a0be630: 52e9 6a86 | 5707 f4f4 
[/MachCode]


---------------  P R O C E S S  ---------------

Threads class SMR info:
_java_thread_list=0x0000018b5a3f2bb0, length=12, elements={
0x0000018b350c9770, 0x0000018b5a290760, 0x0000018b5a291c90, 0x0000018b5a2d2530,
0x0000018b5a2d3000, 0x0000018b5a2d6180, 0x0000018b5a2d9200, 0x0000018b5a2e37b0,
0x0000018b5a2e4910, 0x0000018b5a2e99e0, 0x0000018b5a4329f0, 0x0000018b5a435780
}

Java Threads: ( => current thread )
=>0x0000018b350c9770 JavaThread "main" [_thread_in_vm, id=6284, stack(0x0000006c38a00000,0x0000006c38b00000)]
  0x0000018b5a290760 JavaThread "Reference Handler" daemon [_thread_blocked, id=20088, stack(0x0000006c39100000,0x0000006c39200000)]
  0x0000018b5a291c90 JavaThread "Finalizer" daemon [_thread_blocked, id=8672, stack(0x0000006c39200000,0x0000006c39300000)]
  0x0000018b5a2d2530 JavaThread "Signal Dispatcher" daemon [_thread_blocked, id=27568, stack(0x0000006c39300000,0x0000006c39400000)]
  0x0000018b5a2d3000 JavaThread "Attach Listener" daemon [_thread_blocked, id=9060, stack(0x0000006c39400000,0x0000006c39500000)]
  0x0000018b5a2d6180 JavaThread "Service Thread" daemon [_thread_blocked, id=26040, stack(0x0000006c39500000,0x0000006c39600000)]
  0x0000018b5a2d9200 JavaThread "Monitor Deflation Thread" daemon [_thread_blocked, id=18576, stack(0x0000006c39600000,0x0000006c39700000)]
  0x0000018b5a2e37b0 JavaThread "C2 CompilerThread0" daemon [_thread_blocked, id=23172, stack(0x0000006c39700000,0x0000006c39800000)]
  0x0000018b5a2e4910 JavaThread "C1 CompilerThread0" daemon [_thread_blocked, id=26964, stack(0x0000006c39800000,0x0000006c39900000)]
  0x0000018b5a2e99e0 JavaThread "Sweeper thread" daemon [_thread_blocked, id=18072, stack(0x0000006c39900000,0x0000006c39a00000)]
  0x0000018b5a4329f0 JavaThread "Notification Thread" daemon [_thread_blocked, id=23700, stack(0x0000006c39a00000,0x0000006c39b00000)]
  0x0000018b5a435780 JavaThread "Common-Cleaner" daemon [_thread_blocked, id=10568, stack(0x0000006c39c00000,0x0000006c39d00000)]

Other Threads:
  0x0000018b5a2690c0 VMThread "VM Thread" [stack: 0x0000006c39000000,0x0000006c39100000] [id=20616]
  0x0000018b5a4364a0 WatcherThread [stack: 0x0000006c39b00000,0x0000006c39c00000] [id=22064]
  0x0000018b35152670 GCTaskThread "GC Thread#0" [stack: 0x0000006c38b00000,0x0000006c38c00000] [id=23656]
  0x0000018b3515f490 ConcurrentGCThread "G1 Main Marker" [stack: 0x0000006c38c00000,0x0000006c38d00000] [id=21340]
  0x0000018b35160560 ConcurrentGCThread "G1 Conc#0" [stack: 0x0000006c38d00000,0x0000006c38e00000] [id=6684]
  0x0000018b59fc1e90 ConcurrentGCThread "G1 Refine#0" [stack: 0x0000006c38e00000,0x0000006c38f00000] [id=25112]
  0x0000018b59fc27d0 ConcurrentGCThread "G1 Service" [stack: 0x0000006c38f00000,0x0000006c39000000] [id=16224]

Threads with active compile tasks:

VM state: not at safepoint (normal execution)

VM Mutex/Monitor currently owned by a thread:  ([mutex/lock_event])
[0x0000018b350c2200] Metaspace_lock - owner thread: 0x0000018b350c9770

Heap address: 0x0000000680800000, size: 6136 MB, Compressed Oops mode: Zero based, Oop shift amount: 3

CDS archive(s) not mapped
Compressed class space mapped at: 0x0000000800000000-0x0000000840000000, reserved size: 1073741824
Narrow klass base: 0x0000000800000000, Narrow klass shift: 0, Narrow klass range: 0x40000000

GC Precious Log:
 CPUs: 8 total, 8 available
 Memory: 24537M
 Large Page Support: Disabled
 NUMA Support: Disabled
 Compressed Oops: Enabled (Zero based)
 Heap Region Size: 4M
 Heap Min Capacity: 8M
 Heap Initial Capacity: 384M
 Heap Max Capacity: 6136M
 Pre-touch: Disabled
 Parallel Workers: 8
 Concurrent Workers: 2
 Concurrent Refinement Workers: 8
 Periodic GC: Disabled

Heap:
 garbage-first heap   total 393216K, used 0K [0x0000000680800000, 0x0000000800000000)
  region size 4096K, 1 young (4096K), 0 survivors (0K)
 Metaspace       used 3814K, committed 3840K, reserved 1114112K
  class space    used 359K, committed 384K, reserved 1048576K

Heap Regions: E=young(eden), S=young(survivor), O=old, HS=humongous(starts), HC=humongous(continues), CS=collection set, F=free, OA=open archive, CA=closed archive, TAMS=top-at-mark-start (previous, next)
|   0|0x0000000680800000, 0x0000000680800000, 0x0000000680c00000|  0%| F|  |TAMS 0x0000000680800000, 0x0000000680800000| Untracked 
|   1|0x0000000680c00000, 0x0000000680c00000, 0x0000000681000000|  0%| F|  |TAMS 0x0000000680c00000, 0x0000000680c00000| Untracked 
|   2|0x0000000681000000, 0x0000000681000000, 0x0000000681400000|  0%| F|  |TAMS 0x0000000681000000, 0x0000000681000000| Untracked 
|   3|0x0000000681400000, 0x0000000681400000, 0x0000000681800000|  0%| F|  |TAMS 0x0000000681400000, 0x0000000681400000| Untracked 
|   4|0x0000000681800000, 0x0000000681800000, 0x0000000681c00000|  0%| F|  |TAMS 0x0000000681800000, 0x0000000681800000| Untracked 
|   5|0x0000000681c00000, 0x0000000681c00000, 0x0000000682000000|  0%| F|  |TAMS 0x0000000681c00000, 0x0000000681c00000| Untracked 
|   6|0x0000000682000000, 0x0000000682000000, 0x0000000682400000|  0%| F|  |TAMS 0x0000000682000000, 0x0000000682000000| Untracked 
|   7|0x0000000682400000, 0x0000000682400000, 0x0000000682800000|  0%| F|  |TAMS 0x0000000682400000, 0x0000000682400000| Untracked 
|   8|0x0000000682800000, 0x0000000682800000, 0x0000000682c00000|  0%| F|  |TAMS 0x0000000682800000, 0x0000000682800000| Untracked 
|   9|0x0000000682c00000, 0x0000000682c00000, 0x0000000683000000|  0%| F|  |TAMS 0x0000000682c00000, 0x0000000682c00000| Untracked 
|  10|0x0000000683000000, 0x0000000683000000, 0x0000000683400000|  0%| F|  |TAMS 0x0000000683000000, 0x0000000683000000| Untracked 
|  11|0x0000000683400000, 0x0000000683400000, 0x0000000683800000|  0%| F|  |TAMS 0x0000000683400000, 0x0000000683400000| Untracked 
|  12|0x0000000683800000, 0x0000000683800000, 0x0000000683c00000|  0%| F|  |TAMS 0x0000000683800000, 0x0000000683800000| Untracked 
|  13|0x0000000683c00000, 0x0000000683c00000, 0x0000000684000000|  0%| F|  |TAMS 0x0000000683c00000, 0x0000000683c00000| Untracked 
|  14|0x0000000684000000, 0x0000000684000000, 0x0000000684400000|  0%| F|  |TAMS 0x0000000684000000, 0x0000000684000000| Untracked 
|  15|0x0000000684400000, 0x0000000684400000, 0x0000000684800000|  0%| F|  |TAMS 0x0000000684400000, 0x0000000684400000| Untracked 
|  16|0x0000000684800000, 0x0000000684800000, 0x0000000684c00000|  0%| F|  |TAMS 0x0000000684800000, 0x0000000684800000| Untracked 
|  17|0x0000000684c00000, 0x0000000684c00000, 0x0000000685000000|  0%| F|  |TAMS 0x0000000684c00000, 0x0000000684c00000| Untracked 
|  18|0x0000000685000000, 0x0000000685000000, 0x0000000685400000|  0%| F|  |TAMS 0x0000000685000000, 0x0000000685000000| Untracked 
|  19|0x0000000685400000, 0x0000000685400000, 0x0000000685800000|  0%| F|  |TAMS 0x0000000685400000, 0x0000000685400000| Untracked 
|  20|0x0000000685800000, 0x0000000685800000, 0x0000000685c00000|  0%| F|  |TAMS 0x0000000685800000, 0x0000000685800000| Untracked 
|  21|0x0000000685c00000, 0x0000000685c00000, 0x0000000686000000|  0%| F|  |TAMS 0x0000000685c00000, 0x0000000685c00000| Untracked 
|  22|0x0000000686000000, 0x0000000686000000, 0x0000000686400000|  0%| F|  |TAMS 0x0000000686000000, 0x0000000686000000| Untracked 
|  23|0x0000000686400000, 0x0000000686400000, 0x0000000686800000|  0%| F|  |TAMS 0x0000000686400000, 0x0000000686400000| Untracked 
|  24|0x0000000686800000, 0x0000000686800000, 0x0000000686c00000|  0%| F|  |TAMS 0x0000000686800000, 0x0000000686800000| Untracked 
|  25|0x0000000686c00000, 0x0000000686c00000, 0x0000000687000000|  0%| F|  |TAMS 0x0000000686c00000, 0x0000000686c00000| Untracked 
|  26|0x0000000687000000, 0x0000000687000000, 0x0000000687400000|  0%| F|  |TAMS 0x0000000687000000, 0x0000000687000000| Untracked 
|  27|0x0000000687400000, 0x0000000687400000, 0x0000000687800000|  0%| F|  |TAMS 0x0000000687400000, 0x0000000687400000| Untracked 
|  28|0x0000000687800000, 0x0000000687800000, 0x0000000687c00000|  0%| F|  |TAMS 0x0000000687800000, 0x0000000687800000| Untracked 
|  29|0x0000000687c00000, 0x0000000687c00000, 0x0000000688000000|  0%| F|  |TAMS 0x0000000687c00000, 0x0000000687c00000| Untracked 
|  30|0x0000000688000000, 0x0000000688000000, 0x0000000688400000|  0%| F|  |TAMS 0x0000000688000000, 0x0000000688000000| Untracked 
|  31|0x0000000688400000, 0x0000000688400000, 0x0000000688800000|  0%| F|  |TAMS 0x0000000688400000, 0x0000000688400000| Untracked 
|  32|0x0000000688800000, 0x0000000688800000, 0x0000000688c00000|  0%| F|  |TAMS 0x0000000688800000, 0x0000000688800000| Untracked 
|  33|0x0000000688c00000, 0x0000000688c00000, 0x0000000689000000|  0%| F|  |TAMS 0x0000000688c00000, 0x0000000688c00000| Untracked 
|  34|0x0000000689000000, 0x0000000689000000, 0x0000000689400000|  0%| F|  |TAMS 0x0000000689000000, 0x0000000689000000| Untracked 
|  35|0x0000000689400000, 0x0000000689400000, 0x0000000689800000|  0%| F|  |TAMS 0x0000000689400000, 0x0000000689400000| Untracked 
|  36|0x0000000689800000, 0x0000000689800000, 0x0000000689c00000|  0%| F|  |TAMS 0x0000000689800000, 0x0000000689800000| Untracked 
|  37|0x0000000689c00000, 0x0000000689c00000, 0x000000068a000000|  0%| F|  |TAMS 0x0000000689c00000, 0x0000000689c00000| Untracked 
|  38|0x000000068a000000, 0x000000068a000000, 0x000000068a400000|  0%| F|  |TAMS 0x000000068a000000, 0x000000068a000000| Untracked 
|  39|0x000000068a400000, 0x000000068a400000, 0x000000068a800000|  0%| F|  |TAMS 0x000000068a400000, 0x000000068a400000| Untracked 
|  40|0x000000068a800000, 0x000000068a800000, 0x000000068ac00000|  0%| F|  |TAMS 0x000000068a800000, 0x000000068a800000| Untracked 
|  41|0x000000068ac00000, 0x000000068ac00000, 0x000000068b000000|  0%| F|  |TAMS 0x000000068ac00000, 0x000000068ac00000| Untracked 
|  42|0x000000068b000000, 0x000000068b000000, 0x000000068b400000|  0%| F|  |TAMS 0x000000068b000000, 0x000000068b000000| Untracked 
|  43|0x000000068b400000, 0x000000068b400000, 0x000000068b800000|  0%| F|  |TAMS 0x000000068b400000, 0x000000068b400000| Untracked 
|  44|0x000000068b800000, 0x000000068b800000, 0x000000068bc00000|  0%| F|  |TAMS 0x000000068b800000, 0x000000068b800000| Untracked 
|  45|0x000000068bc00000, 0x000000068bc00000, 0x000000068c000000|  0%| F|  |TAMS 0x000000068bc00000, 0x000000068bc00000| Untracked 
|  46|0x000000068c000000, 0x000000068c000000, 0x000000068c400000|  0%| F|  |TAMS 0x000000068c000000, 0x000000068c000000| Untracked 
|  47|0x000000068c400000, 0x000000068c400000, 0x000000068c800000|  0%| F|  |TAMS 0x000000068c400000, 0x000000068c400000| Untracked 
|  48|0x000000068c800000, 0x000000068c800000, 0x000000068cc00000|  0%| F|  |TAMS 0x000000068c800000, 0x000000068c800000| Untracked 
|  49|0x000000068cc00000, 0x000000068cc00000, 0x000000068d000000|  0%| F|  |TAMS 0x000000068cc00000, 0x000000068cc00000| Untracked 
|  50|0x000000068d000000, 0x000000068d000000, 0x000000068d400000|  0%| F|  |TAMS 0x000000068d000000, 0x000000068d000000| Untracked 
|  51|0x000000068d400000, 0x000000068d400000, 0x000000068d800000|  0%| F|  |TAMS 0x000000068d400000, 0x000000068d400000| Untracked 
|  52|0x000000068d800000, 0x000000068d800000, 0x000000068dc00000|  0%| F|  |TAMS 0x000000068d800000, 0x000000068d800000| Untracked 
|  53|0x000000068dc00000, 0x000000068dc00000, 0x000000068e000000|  0%| F|  |TAMS 0x000000068dc00000, 0x000000068dc00000| Untracked 
|  54|0x000000068e000000, 0x000000068e000000, 0x000000068e400000|  0%| F|  |TAMS 0x000000068e000000, 0x000000068e000000| Untracked 
|  55|0x000000068e400000, 0x000000068e400000, 0x000000068e800000|  0%| F|  |TAMS 0x000000068e400000, 0x000000068e400000| Untracked 
|  56|0x000000068e800000, 0x000000068e800000, 0x000000068ec00000|  0%| F|  |TAMS 0x000000068e800000, 0x000000068e800000| Untracked 
|  57|0x000000068ec00000, 0x000000068ec00000, 0x000000068f000000|  0%| F|  |TAMS 0x000000068ec00000, 0x000000068ec00000| Untracked 
|  58|0x000000068f000000, 0x000000068f000000, 0x000000068f400000|  0%| F|  |TAMS 0x000000068f000000, 0x000000068f000000| Untracked 
|  59|0x000000068f400000, 0x000000068f400000, 0x000000068f800000|  0%| F|  |TAMS 0x000000068f400000, 0x000000068f400000| Untracked 
|  60|0x000000068f800000, 0x000000068f800000, 0x000000068fc00000|  0%| F|  |TAMS 0x000000068f800000, 0x000000068f800000| Untracked 
|  61|0x000000068fc00000, 0x000000068fc00000, 0x0000000690000000|  0%| F|  |TAMS 0x000000068fc00000, 0x000000068fc00000| Untracked 
|  62|0x0000000690000000, 0x0000000690000000, 0x0000000690400000|  0%| F|  |TAMS 0x0000000690000000, 0x0000000690000000| Untracked 
|  63|0x0000000690400000, 0x0000000690400000, 0x0000000690800000|  0%| F|  |TAMS 0x0000000690400000, 0x0000000690400000| Untracked 
|  64|0x0000000690800000, 0x0000000690800000, 0x0000000690c00000|  0%| F|  |TAMS 0x0000000690800000, 0x0000000690800000| Untracked 
|  65|0x0000000690c00000, 0x0000000690c00000, 0x0000000691000000|  0%| F|  |TAMS 0x0000000690c00000, 0x0000000690c00000| Untracked 
|  66|0x0000000691000000, 0x0000000691000000, 0x0000000691400000|  0%| F|  |TAMS 0x0000000691000000, 0x0000000691000000| Untracked 
|  67|0x0000000691400000, 0x0000000691400000, 0x0000000691800000|  0%| F|  |TAMS 0x0000000691400000, 0x0000000691400000| Untracked 
|  68|0x0000000691800000, 0x0000000691800000, 0x0000000691c00000|  0%| F|  |TAMS 0x0000000691800000, 0x0000000691800000| Untracked 
|  69|0x0000000691c00000, 0x0000000691c00000, 0x0000000692000000|  0%| F|  |TAMS 0x0000000691c00000, 0x0000000691c00000| Untracked 
|  70|0x0000000692000000, 0x0000000692000000, 0x0000000692400000|  0%| F|  |TAMS 0x0000000692000000, 0x0000000692000000| Untracked 
|  71|0x0000000692400000, 0x0000000692400000, 0x0000000692800000|  0%| F|  |TAMS 0x0000000692400000, 0x0000000692400000| Untracked 
|  72|0x0000000692800000, 0x0000000692800000, 0x0000000692c00000|  0%| F|  |TAMS 0x0000000692800000, 0x0000000692800000| Untracked 
|  73|0x0000000692c00000, 0x0000000692c00000, 0x0000000693000000|  0%| F|  |TAMS 0x0000000692c00000, 0x0000000692c00000| Untracked 
|  74|0x0000000693000000, 0x0000000693000000, 0x0000000693400000|  0%| F|  |TAMS 0x0000000693000000, 0x0000000693000000| Untracked 
|  75|0x0000000693400000, 0x0000000693400000, 0x0000000693800000|  0%| F|  |TAMS 0x0000000693400000, 0x0000000693400000| Untracked 
|  76|0x0000000693800000, 0x0000000693800000, 0x0000000693c00000|  0%| F|  |TAMS 0x0000000693800000, 0x0000000693800000| Untracked 
|  77|0x0000000693c00000, 0x0000000693c00000, 0x0000000694000000|  0%| F|  |TAMS 0x0000000693c00000, 0x0000000693c00000| Untracked 
|  78|0x0000000694000000, 0x0000000694000000, 0x0000000694400000|  0%| F|  |TAMS 0x0000000694000000, 0x0000000694000000| Untracked 
|  79|0x0000000694400000, 0x0000000694400000, 0x0000000694800000|  0%| F|  |TAMS 0x0000000694400000, 0x0000000694400000| Untracked 
|  80|0x0000000694800000, 0x0000000694800000, 0x0000000694c00000|  0%| F|  |TAMS 0x0000000694800000, 0x0000000694800000| Untracked 
|  81|0x0000000694c00000, 0x0000000694c00000, 0x0000000695000000|  0%| F|  |TAMS 0x0000000694c00000, 0x0000000694c00000| Untracked 
|  82|0x0000000695000000, 0x0000000695000000, 0x0000000695400000|  0%| F|  |TAMS 0x0000000695000000, 0x0000000695000000| Untracked 
|  83|0x0000000695400000, 0x0000000695400000, 0x0000000695800000|  0%| F|  |TAMS 0x0000000695400000, 0x0000000695400000| Untracked 
|  84|0x0000000695800000, 0x0000000695800000, 0x0000000695c00000|  0%| F|  |TAMS 0x0000000695800000, 0x0000000695800000| Untracked 
|  85|0x0000000695c00000, 0x0000000695c00000, 0x0000000696000000|  0%| F|  |TAMS 0x0000000695c00000, 0x0000000695c00000| Untracked 
|  86|0x0000000696000000, 0x0000000696000000, 0x0000000696400000|  0%| F|  |TAMS 0x0000000696000000, 0x0000000696000000| Untracked 
|  87|0x0000000696400000, 0x0000000696400000, 0x0000000696800000|  0%| F|  |TAMS 0x0000000696400000, 0x0000000696400000| Untracked 
|  88|0x0000000696800000, 0x0000000696800000, 0x0000000696c00000|  0%| F|  |TAMS 0x0000000696800000, 0x0000000696800000| Untracked 
|  89|0x0000000696c00000, 0x0000000696c00000, 0x0000000697000000|  0%| F|  |TAMS 0x0000000696c00000, 0x0000000696c00000| Untracked 
|  90|0x0000000697000000, 0x0000000697000000, 0x0000000697400000|  0%| F|  |TAMS 0x0000000697000000, 0x0000000697000000| Untracked 
|  91|0x0000000697400000, 0x0000000697400000, 0x0000000697800000|  0%| F|  |TAMS 0x0000000697400000, 0x0000000697400000| Untracked 
|  92|0x0000000697800000, 0x0000000697800000, 0x0000000697c00000|  0%| F|  |TAMS 0x0000000697800000, 0x0000000697800000| Untracked 
|  93|0x0000000697c00000, 0x0000000697c00000, 0x0000000698000000|  0%| F|  |TAMS 0x0000000697c00000, 0x0000000697c00000| Untracked 
|  94|0x0000000698000000, 0x0000000698000000, 0x0000000698400000|  0%| F|  |TAMS 0x0000000698000000, 0x0000000698000000| Untracked 
|  95|0x0000000698400000, 0x000000069867df60, 0x0000000698800000| 62%| E|  |TAMS 0x0000000698400000, 0x0000000698400000| Complete 

Card table byte_map: [0x0000018b49fe0000,0x0000018b4abe0000] _byte_map_base: 0x0000018b46bdc000

Marking Bits (Prev, Next): (CMBitMap*) 0x0000018b35152ba0, (CMBitMap*) 0x0000018b35152be0
 Prev Bits: [0x0000018b4b7e0000, 0x0000018b517c0000)
 Next Bits: [0x0000018b517c0000, 0x0000018b577a0000)

Polling page: 0x0000018b33030000

Metaspace:

Usage:
  Non-class:      3.37 MB used.
      Class:    359.16 KB used.
       Both:      3.73 MB used.

Virtual space:
  Non-class space:       64.00 MB reserved,       3.38 MB (  5%) committed,  1 nodes.
      Class space:        1.00 GB reserved,     384.00 KB ( <1%) committed,  1 nodes.
             Both:        1.06 GB reserved,       3.75 MB ( <1%) committed. 

Chunk freelists:
   Non-Class:  12.00 MB
       Class:  15.62 MB
        Both:  27.62 MB

MaxMetaspaceSize: unlimited
CompressedClassSpaceSize: 1.00 GB
Initial GC threshold: 21.00 MB
Current GC threshold: 21.00 MB
CDS: off
MetaspaceReclaimPolicy: balanced
 - commit_granule_bytes: 65536.
 - commit_granule_words: 8192.
 - virtual_space_node_default_size: 8388608.
 - enlarge_chunks_in_place: 1.
 - new_chunks_are_fully_committed: 0.
 - uncommit_free_chunks: 1.
 - use_allocation_guard: 0.
 - handle_deallocations: 1.


Internal statistics:

num_allocs_failed_limit: 0.
num_arena_births: 2.
num_arena_deaths: 0.
num_vsnodes_births: 2.
num_vsnodes_deaths: 0.
num_space_committed: 60.
num_space_uncommitted: 0.
num_chunks_returned_to_freelist: 0.
num_chunks_taken_from_freelist: 4.
num_chunk_merges: 0.
num_chunk_splits: 2.
num_chunks_enlarged: 0.
num_inconsistent_stats: 0.

CodeHeap 'non-profiled nmethods': size=120000Kb used=24Kb max_used=24Kb free=119975Kb
 bounds [0x0000018b41b80000, 0x0000018b41df0000, 0x0000018b490b0000]
CodeHeap 'profiled nmethods': size=120000Kb used=125Kb max_used=125Kb free=119874Kb
 bounds [0x0000018b3a0b0000, 0x0000018b3a320000, 0x0000018b415e0000]
CodeHeap 'non-nmethods': size=5760Kb used=1047Kb max_used=1062Kb free=4712Kb
 bounds [0x0000018b415e0000, 0x0000018b41850000, 0x0000018b41b80000]
 total_blobs=401 nmethods=96 adapters=218
 compilation: enabled
              stopped_count=0, restarted_count=0
 full_count=0

Compilation events (20 events):
Event: 0.125 Thread 0x0000018b5a2e4910   85       3       java.lang.Integer::compare (20 bytes)
Event: 0.125 Thread 0x0000018b5a2e4910 nmethod 85 0x0000018b3a0cad90 code [0x0000018b3a0caf40, 0x0000018b3a0cb118]
Event: 0.125 Thread 0x0000018b5a2e4910   84       3       java.lang.Integer::compareTo (12 bytes)
Event: 0.125 Thread 0x0000018b5a2e4910 nmethod 84 0x0000018b3a0cb190 code [0x0000018b3a0cb340, 0x0000018b3a0cb598]
Event: 0.125 Thread 0x0000018b5a2e4910   88       3       java.util.zip.ZipFile$Source::getMetaVersion (221 bytes)
Event: 0.126 Thread 0x0000018b5a2e4910 nmethod 88 0x0000018b3a0cb690 code [0x0000018b3a0cb880, 0x0000018b3a0cbfb8]
Event: 0.126 Thread 0x0000018b5a2e4910   92       3       java.util.TreeMap::put (221 bytes)
Event: 0.126 Thread 0x0000018b5a2e37b0 nmethod 82 0x0000018b41b83f10 code [0x0000018b41b840a0, 0x0000018b41b84358]
Event: 0.126 Thread 0x0000018b5a2e4910 nmethod 92 0x0000018b3a0cc210 code [0x0000018b3a0cc480, 0x0000018b3a0cd288]
Event: 0.126 Thread 0x0000018b5a2e4910   89       3       java.lang.Integer::valueOf (32 bytes)
Event: 0.126 Thread 0x0000018b5a2e4910 nmethod 89 0x0000018b3a0cd690 code [0x0000018b3a0cd840, 0x0000018b3a0cdb58]
Event: 0.127 Thread 0x0000018b5a2e37b0   93   !   4       java.util.zip.ZipFile$Source::checkAndAddEntry (262 bytes)
Event: 0.127 Thread 0x0000018b5a2e4910   90       3       java.util.TreeSet::add (22 bytes)
Event: 0.127 Thread 0x0000018b5a2e4910 nmethod 90 0x0000018b3a0cdc90 code [0x0000018b3a0cde40, 0x0000018b3a0ce088]
Event: 0.127 Thread 0x0000018b5a2e4910   86       3       java.util.zip.ZipFile$Source::isManifestName (165 bytes)
Event: 0.127 Thread 0x0000018b5a2e4910 nmethod 86 0x0000018b3a0ce190 code [0x0000018b3a0ce360, 0x0000018b3a0ce8b8]
Event: 0.127 Thread 0x0000018b5a2e4910   87       3       java.util.zip.ZipFile$Source::isSignatureRelated (205 bytes)
Event: 0.127 Thread 0x0000018b5a2e4910 nmethod 87 0x0000018b3a0cea90 code [0x0000018b3a0cec40, 0x0000018b3a0cf0b8]
Event: 0.127 Thread 0x0000018b5a2e4910   91       3       java.util.TreeMap::put (8 bytes)
Event: 0.127 Thread 0x0000018b5a2e4910 nmethod 91 0x0000018b3a0cf210 code [0x0000018b3a0cf3a0, 0x0000018b3a0cf4e8]

GC Heap History (0 events):
No events

Dll operation events (4 events):
Event: 0.013 Loaded shared library E:\SonarQube\sonar-scanner-7.1.0.4889-windows-x64\jre\bin\java.dll
Event: 0.044 Loaded shared library E:\SonarQube\sonar-scanner-7.1.0.4889-windows-x64\jre\bin\jsvml.dll
Event: 0.113 Loaded shared library E:\SonarQube\sonar-scanner-7.1.0.4889-windows-x64\jre\bin\net.dll
Event: 0.116 Loaded shared library E:\SonarQube\sonar-scanner-7.1.0.4889-windows-x64\jre\bin\nio.dll

Deoptimization events (0 events):
No events

Classes loaded (20 events):
Event: 0.123 Loading class java/util/SortedSet done
Event: 0.123 Loading class java/util/NavigableSet done
Event: 0.123 Loading class java/util/TreeSet done
Event: 0.123 Loading class java/util/TreeMap
Event: 0.123 Loading class java/util/NavigableMap
Event: 0.123 Loading class java/util/SortedMap
Event: 0.124 Loading class java/util/SortedMap done
Event: 0.124 Loading class java/util/NavigableMap done
Event: 0.124 Loading class java/util/TreeMap done
Event: 0.124 Loading class java/util/TreeMap$Entry
Event: 0.124 Loading class java/util/TreeMap$Entry done
Event: 0.127 Loading class java/util/TreeMap$KeySet
Event: 0.127 Loading class java/util/TreeMap$KeySet done
Event: 0.127 Loading class java/util/TreeMap$KeyIterator
Event: 0.127 Loading class java/util/TreeMap$PrivateEntryIterator
Event: 0.127 Loading class java/util/TreeMap$PrivateEntryIterator done
Event: 0.127 Loading class java/util/TreeMap$KeyIterator done
Event: 0.127 Loading class java/util/concurrent/TimeUnit
Event: 0.128 Loading class java/util/concurrent/TimeUnit done
Event: 0.128 Loading class java/nio/file/attribute/FileTime

Classes unloaded (0 events):
No events

Classes redefined (0 events):
No events

Internal exceptions (0 events):
No events

VM Operations (0 events):
No events

Memory protections (0 events):
No events

Nmethod flushes (0 events):
No events

Events (12 events):
Event: 0.044 Thread 0x0000018b350c9770 Thread added: 0x0000018b350c9770
Event: 0.052 Thread 0x0000018b350c9770 Thread added: 0x0000018b5a290760
Event: 0.053 Thread 0x0000018b350c9770 Thread added: 0x0000018b5a291c90
Event: 0.075 Thread 0x0000018b350c9770 Thread added: 0x0000018b5a2d2530
Event: 0.075 Thread 0x0000018b350c9770 Thread added: 0x0000018b5a2d3000
Event: 0.075 Thread 0x0000018b350c9770 Thread added: 0x0000018b5a2d6180
Event: 0.075 Thread 0x0000018b350c9770 Thread added: 0x0000018b5a2d9200
Event: 0.075 Thread 0x0000018b350c9770 Thread added: 0x0000018b5a2e37b0
Event: 0.076 Thread 0x0000018b350c9770 Thread added: 0x0000018b5a2e4910
Event: 0.076 Thread 0x0000018b350c9770 Thread added: 0x0000018b5a2e99e0
Event: 0.099 Thread 0x0000018b350c9770 Thread added: 0x0000018b5a4329f0
Event: 0.105 Thread 0x0000018b350c9770 Thread added: 0x0000018b5a435780


Dynamic libraries:
0x00007ff786720000 - 0x00007ff78672e000 	E:\SonarQube\sonar-scanner-7.1.0.4889-windows-x64\jre\bin\java.exe
0x00007ff9fb1d0000 - 0x00007ff9fb3c8000 	C:\WINDOWS\SYSTEM32\ntdll.dll
0x00007ff9c8f30000 - 0x00007ff9c8f4b000 	C:\Program Files\Avast Software\Avast\aswhook.dll
0x00007ff9f9c10000 - 0x00007ff9f9cd2000 	C:\WINDOWS\System32\KERNEL32.DLL
0x00007ff9f8c60000 - 0x00007ff9f8f56000 	C:\WINDOWS\System32\KERNELBASE.dll
0x00007ff9f8ac0000 - 0x00007ff9f8bc0000 	C:\WINDOWS\System32\ucrtbase.dll
0x00007ff9daf50000 - 0x00007ff9daf67000 	E:\SonarQube\sonar-scanner-7.1.0.4889-windows-x64\jre\bin\jli.dll
0x00007ff9da940000 - 0x00007ff9da95e000 	E:\SonarQube\sonar-scanner-7.1.0.4889-windows-x64\jre\bin\VCRUNTIME140.dll
0x00007ff9fab70000 - 0x00007ff9fad0d000 	C:\WINDOWS\System32\USER32.dll
0x00007ff9f8a60000 - 0x00007ff9f8a82000 	C:\WINDOWS\System32\win32u.dll
0x00007ff9f9fe0000 - 0x00007ff9fa00b000 	C:\WINDOWS\System32\GDI32.dll
0x00007ff9f8870000 - 0x00007ff9f898a000 	C:\WINDOWS\System32\gdi32full.dll
0x00007ff9f8bc0000 - 0x00007ff9f8c5d000 	C:\WINDOWS\System32\msvcp_win.dll
0x00007ff9e92e0000 - 0x00007ff9e957a000 	C:\WINDOWS\WinSxS\amd64_microsoft.windows.common-controls_6595b64144ccf1df_6.0.19041.5794_none_60bcd33171f2783c\COMCTL32.dll
0x00007ff9fb0f0000 - 0x00007ff9fb18e000 	C:\WINDOWS\System32\msvcrt.dll
0x00007ff9fab40000 - 0x00007ff9fab6f000 	C:\WINDOWS\System32\IMM32.DLL
0x00007ff9e92d0000 - 0x00007ff9e92dc000 	E:\SonarQube\sonar-scanner-7.1.0.4889-windows-x64\jre\bin\vcruntime140_1.dll
0x00007ff95c4a0000 - 0x00007ff95c52d000 	E:\SonarQube\sonar-scanner-7.1.0.4889-windows-x64\jre\bin\msvcp140.dll
0x00007ff95b5a0000 - 0x00007ff95c20b000 	E:\SonarQube\sonar-scanner-7.1.0.4889-windows-x64\jre\bin\server\jvm.dll
0x00007ff9f9f30000 - 0x00007ff9f9fdf000 	C:\WINDOWS\System32\ADVAPI32.dll
0x00007ff9f9340000 - 0x00007ff9f93df000 	C:\WINDOWS\System32\sechost.dll
0x00007ff9fa090000 - 0x00007ff9fa1b3000 	C:\WINDOWS\System32\RPCRT4.dll
0x00007ff9f8a90000 - 0x00007ff9f8ab7000 	C:\WINDOWS\System32\bcrypt.dll
0x00007ff9faf80000 - 0x00007ff9fafeb000 	C:\WINDOWS\System32\WS2_32.dll
0x00007ff9f03a0000 - 0x00007ff9f03c7000 	C:\WINDOWS\SYSTEM32\WINMM.dll
0x00007ff9f7dc0000 - 0x00007ff9f7e0b000 	C:\WINDOWS\SYSTEM32\POWRPROF.dll
0x00007ff9f06f0000 - 0x00007ff9f06fa000 	C:\WINDOWS\SYSTEM32\VERSION.dll
0x00007ff9f7c30000 - 0x00007ff9f7c42000 	C:\WINDOWS\SYSTEM32\UMPDC.dll
0x00007ff9f66d0000 - 0x00007ff9f66e2000 	C:\WINDOWS\SYSTEM32\kernel.appcore.dll
0x00007ff9a7360000 - 0x00007ff9a736a000 	E:\SonarQube\sonar-scanner-7.1.0.4889-windows-x64\jre\bin\jimage.dll
0x00007ff9ec9f0000 - 0x00007ff9ecbf1000 	C:\WINDOWS\SYSTEM32\DBGHELP.DLL
0x00007ff9ec980000 - 0x00007ff9ec9b4000 	C:\WINDOWS\SYSTEM32\dbgcore.DLL
0x00007ff9f90c0000 - 0x00007ff9f9142000 	C:\WINDOWS\System32\bcryptPrimitives.dll
0x00007ff9a72c0000 - 0x00007ff9a72e5000 	E:\SonarQube\sonar-scanner-7.1.0.4889-windows-x64\jre\bin\java.dll
0x00007ff95c3c0000 - 0x00007ff95c497000 	E:\SonarQube\sonar-scanner-7.1.0.4889-windows-x64\jre\bin\jsvml.dll
0x00007ff9fa240000 - 0x00007ff9fa9ae000 	C:\WINDOWS\System32\SHELL32.dll
0x00007ff9f68d0000 - 0x00007ff9f7073000 	C:\WINDOWS\SYSTEM32\windows.storage.dll
0x00007ff9f98b0000 - 0x00007ff9f9c03000 	C:\WINDOWS\System32\combase.dll
0x00007ff9f81c0000 - 0x00007ff9f81eb000 	C:\WINDOWS\SYSTEM32\Wldp.dll
0x00007ff9f9ce0000 - 0x00007ff9f9dad000 	C:\WINDOWS\System32\OLEAUT32.dll
0x00007ff9f9290000 - 0x00007ff9f933d000 	C:\WINDOWS\System32\SHCORE.dll
0x00007ff9f9db0000 - 0x00007ff9f9e05000 	C:\WINDOWS\System32\shlwapi.dll
0x00007ff9f87a0000 - 0x00007ff9f87c5000 	C:\WINDOWS\SYSTEM32\profapi.dll
0x00007ff9a7340000 - 0x00007ff9a7359000 	E:\SonarQube\sonar-scanner-7.1.0.4889-windows-x64\jre\bin\net.dll
0x00007ff9f2610000 - 0x00007ff9f271a000 	C:\WINDOWS\SYSTEM32\WINHTTP.dll
0x00007ff9f7fa0000 - 0x00007ff9f800c000 	C:\WINDOWS\system32\mswsock.dll
0x00007ff9a0610000 - 0x00007ff9a0626000 	E:\SonarQube\sonar-scanner-7.1.0.4889-windows-x64\jre\bin\nio.dll

dbghelp: loaded successfully - version: 4.0.5 - missing functions: none
symbol engine: initialized successfully - sym options: 0x614 - pdb path: .;E:\SonarQube\sonar-scanner-7.1.0.4889-windows-x64\jre\bin;C:\WINDOWS\SYSTEM32;C:\Program Files\Avast Software\Avast;C:\WINDOWS\WinSxS\amd64_microsoft.windows.common-controls_6595b64144ccf1df_6.0.19041.5794_none_60bcd33171f2783c;E:\SonarQube\sonar-scanner-7.1.0.4889-windows-x64\jre\bin\server

VM Arguments:
jvm_args: -Djava.awt.headless=true -Dscanner.home=E:\SonarQube\sonar-scanner-7.1.0.4889-windows-x64\bin\.. -Dproject.home=E:\Iskolai\Információbiztonsági tanf\Vizsgaremek (appointment booking app)\EasyBook 
java_command: org.sonarsource.scanner.cli.Main -Dsonar.projectKey=EasyBook -Dsonar.sources=. -Dsonar.host.url=http://localhost:9000 -Dsonar.token=sqp_5f00c47a4398e30bc9aaaa0a4c49c833d024387a
java_class_path (initial): E:\SonarQube\sonar-scanner-7.1.0.4889-windows-x64\bin\..\lib\sonar-scanner-cli-7.1.0.4889.jar
Launcher Type: SUN_STANDARD

[Global flags]
     intx CICompilerCount                          = 4                                         {product} {ergonomic}
     uint ConcGCThreads                            = 2                                         {product} {ergonomic}
     uint G1ConcRefinementThreads                  = 8                                         {product} {ergonomic}
   size_t G1HeapRegionSize                         = 4194304                                   {product} {ergonomic}
    uintx GCDrainStackTargetSize                   = 64                                        {product} {ergonomic}
   size_t InitialHeapSize                          = 402653184                                 {product} {ergonomic}
   size_t MarkStackSize                            = 4194304                                   {product} {ergonomic}
   size_t MaxHeapSize                              = 6434062336                                {product} {ergonomic}
   size_t MaxNewSize                               = 3858759680                                {product} {ergonomic}
   size_t MinHeapDeltaBytes                        = 4194304                                   {product} {ergonomic}
   size_t MinHeapSize                              = 8388608                                   {product} {ergonomic}
    uintx NonNMethodCodeHeapSize                   = 5839372                                {pd product} {ergonomic}
    uintx NonProfiledCodeHeapSize                  = 122909434                              {pd product} {ergonomic}
    uintx ProfiledCodeHeapSize                     = 122909434                              {pd product} {ergonomic}
    uintx ReservedCodeCacheSize                    = 251658240                              {pd product} {ergonomic}
     bool SegmentedCodeCache                       = true                                      {product} {ergonomic}
   size_t SoftMaxHeapSize                          = 6434062336                             {manageable} {ergonomic}
     bool UseCompressedClassPointers               = true                           {product lp64_product} {ergonomic}
     bool UseCompressedOops                        = true                           {product lp64_product} {ergonomic}
     bool UseG1GC                                  = true                                      {product} {ergonomic}
     bool UseLargePagesIndividualAllocation        = false                                  {pd product} {ergonomic}

Logging:
Log output configuration:
 #0: stdout all=warning uptime,level,tags
 #1: stderr all=off uptime,level,tags

Environment Variables:
JAVA_HOME=E:\SonarQube\sonar-scanner-7.1.0.4889-windows-x64\bin\..\jre
PATH=C:\Program Files\Eclipse Adoptium\jdk-21.0.7.6-hotspot\bin;C:\Program Files\Microsoft\jdk-11.0.12.7-hotspot\bin;C:\Program Files (x86)\Common Files\Oracle\Java\javapath;C:\ProgramData\Oracle\Java\javapath;C:\WINDOWS\system32;C:\WINDOWS;C:\WINDOWS\System32\Wbem;C:\WINDOWS\System32\WindowsPowerShell\v1.0\;C:\WINDOWS\System32\OpenSSH\;C:\Users\user\AppData\Local\Programs\Python\Python38-32\Scripts\;C:\Users\user\AppData\Local\Programs\Python\Python38-32\;C:\Users\user\AppData\Local\Microsoft\WindowsApps;C:\Users\user\AppData\Roaming\Dashlane\4.6.6.23032\bin\Firefox_Extension\{442718d9-475e-452a-b3e1-fb1ee16b8e9f}\components;C:\Users\user\AppData\Local\Programs\Microsoft VS Code\bin;C:\Users\user\AppData\Roaming\npm;C:\Users\user\.dotnet\tools;C:\adb;C:\Program Files (x86)\NVIDIA Corporation\PhysX\Common;C:\Program Files\Microsoft SQL Server\130\Tools\Binn\;C:\Program Files\dotnet\;C:\Program Files\Git\cmd;C:\ProgramData\ComposerSetup\bin;C:\Program Files\nodejs\;C:\xampp\php;C:\WINDOWS\system32;C:\WINDOWS;C:\WINDOWS\System32\Wbem;C:\WINDOWS\System32\WindowsPowerShell\v1.0\;C:\WINDOWS\System32\OpenSSH\;C:\Program Files\NVIDIA Corporation\NVIDIA app\NvDLISR;C:\Program Files\Docker\Docker\resources\bin;C:\Program Files\Microsoft\jdk-11.0.12.7-hotspot\bin;C:\xampp\php8.2;C:\Program Files\Eclipse Adoptium\jdk-21.0.7.6-hotspot\bin;C:\Program Files\Microsoft\jdk-11.0.12.7-hotspot\bin;C:\Program Files (x86)\Common Files\Oracle\Java\javapath;C:\ProgramData\Oracle\Java\javapath;C:\WINDOWS\system32;C:\WINDOWS;C:\WINDOWS\System32\Wbem;C:\WINDOWS\System32\WindowsPowerShell\v1.0\;C:\WINDOWS\System32\OpenSSH\;C:\Users\user\AppData\Local\Programs\Python\Python38-32\Scripts\;C:\Users\user\AppData\Local\Programs\Python\Python38-32\;C:\Users\user\AppData\Local\Microsoft\WindowsApps;C:\Users\user\AppData\Roaming\Dashlane\4.6.6.23032\bin\Firefox_Extension\{442718d9-475e-452a-b3e1-fb1ee16b8e9f}\components;C:\Users\user\AppData\Local\Programs\Microsoft VS Code\bin;C:\Users\user\AppData\Roa
USERNAME=user
OS=Windows_NT
PROCESSOR_IDENTIFIER=Intel64 Family 6 Model 58 Stepping 9, GenuineIntel
TMP=C:\Users\user\AppData\Local\Temp
TEMP=C:\Users\user\AppData\Local\Temp



Periodic native trim disabled


---------------  S Y S T E M  ---------------

OS:
 Windows 10 , 64 bit Build 19041 (10.0.19041.5794)
OS uptime: 1 days 11:11 hours
Hyper-V role detected

CPU: total 8 (initial active 8) (4 cores per cpu, 2 threads per core) family 6 model 58 stepping 9 microcode 0x21, cx8, cmov, fxsr, ht, mmx, sse, sse2, sse3, ssse3, sse4.1, sse4.2, popcnt, tsc, tscinvbit, avx, aes, erms, clmul, vzeroupper, clflush, hv
Processor Information for all 8 processors :
  Max Mhz: 3901, Current Mhz: 3901, Mhz Limit: 3901

Memory: 4k page, system-wide physical 24537M (8865M free)
TotalPageFile size 28633M (AvailPageFile size 0M)
current process WorkingSet (physical memory assigned to process): 29M, peak: 29M
current process commit charge ("private bytes"): 469M, peak: 470M

vm_info: OpenJDK 64-Bit Server VM (17.0.13+11) for windows-amd64 JRE (17.0.13+11), built on Oct 16 2024 00:10:08 by "admin" with MS VC++ 17.7 (VS2022)

END.
